<?xml version="1.0" ?>
<!DOCTYPE coverage
  SYSTEM 'http://cobertura.sourceforge.net/xml/coverage-04.dtd'>
<coverage branch-rate="0.0" branches-covered="0" branches-valid="0" complexity="0" line-rate="0.7780678851174935" lines-covered="596" lines-valid="766" timestamp="1767026471" version="2.0.3">
	<sources>
		<source>.</source>
	</sources>
	<packages>
		<package line-rate="0.7989130434782609" branch-rate="0.0" name="lib.screens" complexity="0">
			<classes>
				<class branch-rate="0.0" complexity="0" filename="lib\screens\choose_role.dart" line-rate="1.0" name="lib.screens.choose_role.dart">
					<methods/>
					<lines>
						<line branch="false" hits="1" number="6"/>
						<line branch="false" hits="1" number="8"/>
						<line branch="false" hits="1" number="10"/>
						<line branch="false" hits="1" number="12"/>
						<line branch="false" hits="1" number="26"/>
						<line branch="false" hits="1" number="27"/>
						<line branch="false" hits="1" number="29"/>
						<line branch="false" hits="1" number="31"/>
						<line branch="false" hits="1" number="71"/>
						<line branch="false" hits="1" number="74"/>
						<line branch="false" hits="1" number="75"/>
						<line branch="false" hits="1" number="76"/>
						<line branch="false" hits="1" number="78"/>
						<line branch="false" hits="1" number="82"/>
						<line branch="false" hits="1" number="83"/>
						<line branch="false" hits="1" number="97"/>
						<line branch="false" hits="1" number="100"/>
						<line branch="false" hits="1" number="101"/>
						<line branch="false" hits="1" number="102"/>
						<line branch="false" hits="1" number="104"/>
						<line branch="false" hits="1" number="108"/>
						<line branch="false" hits="1" number="109"/>
					</lines>
				</class>
				<class branch-rate="0.0" complexity="0" filename="lib\screens\register_user.dart" line-rate="0.9342105263157895" name="lib.screens.register_user.dart">
					<methods/>
					<lines>
						<line branch="false" hits="1" number="5"/>
						<line branch="false" hits="2" number="7"/>
						<line branch="false" hits="2" number="8"/>
						<line branch="false" hits="2" number="20"/>
						<line branch="false" hits="4" number="22"/>
						<line branch="false" hits="4" number="23"/>
						<line branch="false" hits="4" number="24"/>
						<line branch="false" hits="4" number="25"/>
						<line branch="false" hits="4" number="26"/>
						<line branch="false" hits="2" number="27"/>
						<line branch="false" hits="2" number="30"/>
						<line branch="false" hits="6" number="31"/>
						<line branch="false" hits="2" number="32"/>
						<line branch="false" hits="2" number="33"/>
						<line branch="false" hits="4" number="35"/>
						<line branch="false" hits="2" number="40"/>
						<line branch="false" hits="2" number="41"/>
						<line branch="false" hits="0" number="42"/>
						<line branch="false" hits="0" number="43"/>
						<line branch="false" hits="0" number="44"/>
						<line branch="false" hits="2" number="54"/>
						<line branch="false" hits="4" number="55"/>
						<line branch="false" hits="2" number="59"/>
						<line branch="false" hits="2" number="61"/>
						<line branch="false" hits="2" number="63"/>
						<line branch="false" hits="2" number="64"/>
						<line branch="false" hits="2" number="66"/>
						<line branch="false" hits="2" number="67"/>
						<line branch="false" hits="2" number="68"/>
						<line branch="false" hits="2" number="70"/>
						<line branch="false" hits="2" number="88"/>
						<line branch="false" hits="2" number="89"/>
						<line branch="false" hits="2" number="90"/>
						<line branch="false" hits="2" number="91"/>
						<line branch="false" hits="2" number="96"/>
						<line branch="false" hits="2" number="97"/>
						<line branch="false" hits="2" number="99"/>
						<line branch="false" hits="2" number="100"/>
						<line branch="false" hits="2" number="105"/>
						<line branch="false" hits="2" number="106"/>
						<line branch="false" hits="2" number="107"/>
						<line branch="false" hits="2" number="108"/>
						<line branch="false" hits="2" number="113"/>
						<line branch="false" hits="2" number="114"/>
						<line branch="false" hits="2" number="116"/>
						<line branch="false" hits="2" number="117"/>
						<line branch="false" hits="2" number="122"/>
						<line branch="false" hits="2" number="123"/>
						<line branch="false" hits="2" number="124"/>
						<line branch="false" hits="4" number="125"/>
						<line branch="false" hits="2" number="126"/>
						<line branch="false" hits="2" number="127"/>
						<line branch="false" hits="2" number="128"/>
						<line branch="false" hits="0" number="131"/>
						<line branch="false" hits="0" number="132"/>
						<line branch="false" hits="2" number="136"/>
						<line branch="false" hits="6" number="137"/>
						<line branch="false" hits="2" number="146"/>
						<line branch="false" hits="2" number="149"/>
						<line branch="false" hits="2" number="150"/>
						<line branch="false" hits="2" number="151"/>
						<line branch="false" hits="2" number="153"/>
						<line branch="false" hits="2" number="154"/>
						<line branch="false" hits="2" number="156"/>
						<line branch="false" hits="2" number="157"/>
						<line branch="false" hits="2" number="160"/>
						<line branch="false" hits="2" number="162"/>
						<line branch="false" hits="2" number="163"/>
						<line branch="false" hits="2" number="169"/>
						<line branch="false" hits="2" number="171"/>
						<line branch="false" hits="2" number="204"/>
						<line branch="false" hits="2" number="205"/>
						<line branch="false" hits="2" number="211"/>
						<line branch="false" hits="2" number="212"/>
						<line branch="false" hits="2" number="215"/>
						<line branch="false" hits="2" number="216"/>
					</lines>
				</class>
				<class branch-rate="0.0" complexity="0" filename="lib\screens\profile_user.dart" line-rate="0.7647058823529411" name="lib.screens.profile_user.dart">
					<methods/>
					<lines>
						<line branch="false" hits="1" number="5"/>
						<line branch="false" hits="1" number="7"/>
						<line branch="false" hits="1" number="9"/>
						<line branch="false" hits="1" number="10"/>
						<line branch="false" hits="1" number="15"/>
						<line branch="false" hits="1" number="16"/>
						<line branch="false" hits="1" number="18"/>
						<line branch="false" hits="1" number="20"/>
						<line branch="false" hits="1" number="21"/>
						<line branch="false" hits="1" number="23"/>
						<line branch="false" hits="1" number="25"/>
						<line branch="false" hits="1" number="27"/>
						<line branch="false" hits="1" number="29"/>
						<line branch="false" hits="1" number="30"/>
						<line branch="false" hits="0" number="31"/>
						<line branch="false" hits="0" number="32"/>
						<line branch="false" hits="1" number="34"/>
						<line branch="false" hits="1" number="36"/>
						<line branch="false" hits="1" number="37"/>
						<line branch="false" hits="1" number="61"/>
						<line branch="false" hits="0" number="65"/>
						<line branch="false" hits="0" number="66"/>
						<line branch="false" hits="0" number="67"/>
						<line branch="false" hits="0" number="68"/>
						<line branch="false" hits="0" number="69"/>
						<line branch="false" hits="0" number="70"/>
						<line branch="false" hits="1" number="86"/>
						<line branch="false" hits="1" number="87"/>
						<line branch="false" hits="1" number="89"/>
						<line branch="false" hits="1" number="90"/>
						<line branch="false" hits="1" number="98"/>
						<line branch="false" hits="1" number="101"/>
						<line branch="false" hits="1" number="103"/>
						<line branch="false" hits="1" number="105"/>
					</lines>
				</class>
				<class branch-rate="0.0" complexity="0" filename="lib\screens\verifikasi_akun.dart" line-rate="0.8846153846153846" name="lib.screens.verifikasi_akun.dart">
					<methods/>
					<lines>
						<line branch="false" hits="1" number="6"/>
						<line branch="false" hits="1" number="8"/>
						<line branch="false" hits="1" number="9"/>
						<line branch="false" hits="1" number="34"/>
						<line branch="false" hits="2" number="35"/>
						<line branch="false" hits="3" number="36"/>
						<line branch="false" hits="3" number="39"/>
						<line branch="false" hits="1" number="40"/>
						<line branch="false" hits="5" number="41"/>
						<line branch="false" hits="0" number="48"/>
						<line branch="false" hits="0" number="49"/>
						<line branch="false" hits="0" number="50"/>
						<line branch="false" hits="0" number="52"/>
						<line branch="false" hits="0" number="53"/>
						<line branch="false" hits="0" number="54"/>
						<line branch="false" hits="0" number="55"/>
						<line branch="false" hits="0" number="56"/>
						<line branch="false" hits="1" number="61"/>
						<line branch="false" hits="1" number="63"/>
						<line branch="false" hits="1" number="65"/>
						<line branch="false" hits="1" number="66"/>
						<line branch="false" hits="1" number="68"/>
						<line branch="false" hits="1" number="71"/>
						<line branch="false" hits="1" number="73"/>
						<line branch="false" hits="1" number="74"/>
						<line branch="false" hits="1" number="76"/>
						<line branch="false" hits="1" number="77"/>
						<line branch="false" hits="1" number="78"/>
						<line branch="false" hits="0" number="80"/>
						<line branch="false" hits="1" number="97"/>
						<line branch="false" hits="1" number="113"/>
						<line branch="false" hits="1" number="114"/>
						<line branch="false" hits="1" number="120"/>
						<line branch="false" hits="1" number="122"/>
						<line branch="false" hits="2" number="123"/>
						<line branch="false" hits="1" number="124"/>
						<line branch="false" hits="1" number="125"/>
						<line branch="false" hits="2" number="126"/>
						<line branch="false" hits="1" number="127"/>
						<line branch="false" hits="1" number="129"/>
						<line branch="false" hits="1" number="130"/>
						<line branch="false" hits="1" number="131"/>
						<line branch="false" hits="1" number="132"/>
						<line branch="false" hits="1" number="143"/>
						<line branch="false" hits="1" number="144"/>
						<line branch="false" hits="1" number="145"/>
						<line branch="false" hits="1" number="168"/>
						<line branch="false" hits="2" number="176"/>
						<line branch="false" hits="1" number="178"/>
						<line branch="false" hits="1" number="183"/>
						<line branch="false" hits="1" number="185"/>
						<line branch="false" hits="1" number="187"/>
						<line branch="false" hits="1" number="188"/>
						<line branch="false" hits="1" number="189"/>
						<line branch="false" hits="1" number="190"/>
						<line branch="false" hits="1" number="196"/>
						<line branch="false" hits="1" number="198"/>
						<line branch="false" hits="1" number="199"/>
						<line branch="false" hits="1" number="204"/>
						<line branch="false" hits="1" number="205"/>
						<line branch="false" hits="1" number="208"/>
						<line branch="false" hits="1" number="209"/>
						<line branch="false" hits="1" number="213"/>
						<line branch="false" hits="1" number="214"/>
						<line branch="false" hits="1" number="219"/>
						<line branch="false" hits="1" number="221"/>
						<line branch="false" hits="1" number="229"/>
						<line branch="false" hits="2" number="230"/>
						<line branch="false" hits="1" number="231"/>
						<line branch="false" hits="1" number="232"/>
						<line branch="false" hits="1" number="237"/>
						<line branch="false" hits="1" number="238"/>
						<line branch="false" hits="1" number="247"/>
						<line branch="false" hits="2" number="248"/>
						<line branch="false" hits="1" number="249"/>
						<line branch="false" hits="1" number="250"/>
						<line branch="false" hits="1" number="255"/>
						<line branch="false" hits="1" number="256"/>
					</lines>
				</class>
				<class branch-rate="0.0" complexity="0" filename="lib\screens\profile_admin.dart" line-rate="0.75" name="lib.screens.profile_admin.dart">
					<methods/>
					<lines>
						<line branch="false" hits="1" number="5"/>
						<line branch="false" hits="1" number="7"/>
						<line branch="false" hits="1" number="9"/>
						<line branch="false" hits="1" number="10"/>
						<line branch="false" hits="1" number="15"/>
						<line branch="false" hits="1" number="16"/>
						<line branch="false" hits="1" number="18"/>
						<line branch="false" hits="1" number="20"/>
						<line branch="false" hits="1" number="21"/>
						<line branch="false" hits="1" number="23"/>
						<line branch="false" hits="1" number="25"/>
						<line branch="false" hits="1" number="26"/>
						<line branch="false" hits="0" number="28"/>
						<line branch="false" hits="0" number="29"/>
						<line branch="false" hits="1" number="31"/>
						<line branch="false" hits="1" number="33"/>
						<line branch="false" hits="1" number="34"/>
						<line branch="false" hits="1" number="58"/>
						<line branch="false" hits="0" number="62"/>
						<line branch="false" hits="0" number="63"/>
						<line branch="false" hits="0" number="65"/>
						<line branch="false" hits="0" number="66"/>
						<line branch="false" hits="0" number="68"/>
						<line branch="false" hits="0" number="69"/>
						<line branch="false" hits="1" number="85"/>
						<line branch="false" hits="1" number="87"/>
						<line branch="false" hits="1" number="89"/>
						<line branch="false" hits="1" number="90"/>
						<line branch="false" hits="1" number="98"/>
						<line branch="false" hits="1" number="101"/>
						<line branch="false" hits="1" number="103"/>
						<line branch="false" hits="1" number="105"/>
					</lines>
				</class>
				<class branch-rate="0.0" complexity="0" filename="lib\screens\status_surat.dart" line-rate="0.90625" name="lib.screens.status_surat.dart">
					<methods/>
					<lines>
						<line branch="false" hits="1" number="7"/>
						<line branch="false" hits="1" number="9"/>
						<line branch="false" hits="1" number="10"/>
						<line branch="false" hits="1" number="16"/>
						<line branch="false" hits="1" number="18"/>
						<line branch="false" hits="1" number="19"/>
						<line branch="false" hits="1" number="22"/>
						<line branch="false" hits="3" number="23"/>
						<line branch="false" hits="2" number="24"/>
						<line branch="false" hits="1" number="27"/>
						<line branch="false" hits="1" number="30"/>
						<line branch="false" hits="0" number="33"/>
						<line branch="false" hits="0" number="36"/>
						<line branch="false" hits="0" number="40"/>
						<line branch="false" hits="1" number="44"/>
						<line branch="false" hits="1" number="46"/>
						<line branch="false" hits="1" number="48"/>
						<line branch="false" hits="1" number="50"/>
						<line branch="false" hits="1" number="52"/>
						<line branch="false" hits="1" number="61"/>
						<line branch="false" hits="1" number="62"/>
						<line branch="false" hits="1" number="63"/>
						<line branch="false" hits="1" number="65"/>
						<line branch="false" hits="1" number="67"/>
						<line branch="false" hits="1" number="69"/>
						<line branch="false" hits="1" number="71"/>
						<line branch="false" hits="2" number="72"/>
						<line branch="false" hits="1" number="74"/>
						<line branch="false" hits="1" number="75"/>
						<line branch="false" hits="1" number="76"/>
						<line branch="false" hits="1" number="77"/>
						<line branch="false" hits="1" number="79"/>
						<line branch="false" hits="1" number="80"/>
						<line branch="false" hits="1" number="81"/>
						<line branch="false" hits="1" number="88"/>
						<line branch="false" hits="10" number="89"/>
						<line branch="false" hits="2" number="95"/>
						<line branch="false" hits="1" number="102"/>
						<line branch="false" hits="1" number="104"/>
						<line branch="false" hits="1" number="105"/>
						<line branch="false" hits="1" number="106"/>
						<line branch="false" hits="1" number="110"/>
						<line branch="false" hits="1" number="111"/>
						<line branch="false" hits="1" number="113"/>
						<line branch="false" hits="1" number="114"/>
						<line branch="false" hits="1" number="115"/>
						<line branch="false" hits="1" number="117"/>
						<line branch="false" hits="1" number="118"/>
						<line branch="false" hits="1" number="119"/>
						<line branch="false" hits="1" number="121"/>
						<line branch="false" hits="1" number="127"/>
						<line branch="false" hits="0" number="129"/>
						<line branch="false" hits="1" number="138"/>
						<line branch="false" hits="1" number="139"/>
						<line branch="false" hits="0" number="141"/>
						<line branch="false" hits="3" number="142"/>
						<line branch="false" hits="1" number="147"/>
						<line branch="false" hits="1" number="150"/>
						<line branch="false" hits="0" number="152"/>
						<line branch="false" hits="1" number="153"/>
						<line branch="false" hits="1" number="155"/>
						<line branch="false" hits="1" number="156"/>
						<line branch="false" hits="1" number="173"/>
						<line branch="false" hits="2" number="188"/>
					</lines>
				</class>
				<class branch-rate="0.0" complexity="0" filename="lib\screens\login_user.dart" line-rate="0.8867924528301887" name="lib.screens.login_user.dart">
					<methods/>
					<lines>
						<line branch="false" hits="2" number="6"/>
						<line branch="false" hits="2" number="8"/>
						<line branch="false" hits="2" number="9"/>
						<line branch="false" hits="2" number="16"/>
						<line branch="false" hits="2" number="18"/>
						<line branch="false" hits="2" number="19"/>
						<line branch="false" hits="2" number="33"/>
						<line branch="false" hits="2" number="34"/>
						<line branch="false" hits="2" number="36"/>
						<line branch="false" hits="2" number="38"/>
						<line branch="false" hits="2" number="55"/>
						<line branch="false" hits="2" number="56"/>
						<line branch="false" hits="2" number="65"/>
						<line branch="false" hits="2" number="66"/>
						<line branch="false" hits="2" number="69"/>
						<line branch="false" hits="2" number="70"/>
						<line branch="false" hits="2" number="79"/>
						<line branch="false" hits="2" number="80"/>
						<line branch="false" hits="2" number="81"/>
						<line branch="false" hits="2" number="88"/>
						<line branch="false" hits="2" number="89"/>
						<line branch="false" hits="2" number="90"/>
						<line branch="false" hits="0" number="95"/>
						<line branch="false" hits="0" number="96"/>
						<line branch="false" hits="0" number="97"/>
						<line branch="false" hits="2" number="103"/>
						<line branch="false" hits="2" number="104"/>
						<line branch="false" hits="2" number="107"/>
						<line branch="false" hits="2" number="108"/>
						<line branch="false" hits="2" number="117"/>
						<line branch="false" hits="2" number="119"/>
						<line branch="false" hits="2" number="120"/>
						<line branch="false" hits="2" number="121"/>
						<line branch="false" hits="2" number="122"/>
						<line branch="false" hits="2" number="123"/>
						<line branch="false" hits="0" number="125"/>
						<line branch="false" hits="0" number="126"/>
						<line branch="false" hits="0" number="127"/>
						<line branch="false" hits="2" number="137"/>
						<line branch="false" hits="2" number="138"/>
						<line branch="false" hits="2" number="139"/>
						<line branch="false" hits="2" number="156"/>
						<line branch="false" hits="2" number="159"/>
						<line branch="false" hits="2" number="160"/>
						<line branch="false" hits="2" number="162"/>
						<line branch="false" hits="2" number="163"/>
						<line branch="false" hits="2" number="167"/>
						<line branch="false" hits="2" number="168"/>
						<line branch="false" hits="2" number="187"/>
						<line branch="false" hits="2" number="189"/>
						<line branch="false" hits="2" number="194"/>
						<line branch="false" hits="2" number="195"/>
						<line branch="false" hits="2" number="196"/>
					</lines>
				</class>
				<class branch-rate="0.0" complexity="0" filename="lib\screens\splash_screen.dart" line-rate="1.0" name="lib.screens.splash_screen.dart">
					<methods/>
					<lines>
						<line branch="false" hits="1" number="7"/>
						<line branch="false" hits="1" number="9"/>
						<line branch="false" hits="1" number="10"/>
						<line branch="false" hits="1" number="14"/>
						<line branch="false" hits="1" number="16"/>
						<line branch="false" hits="2" number="17"/>
						<line branch="false" hits="2" number="18"/>
						<line branch="false" hits="1" number="22"/>
						<line branch="false" hits="1" number="24"/>
						<line branch="false" hits="1" number="25"/>
						<line branch="false" hits="1" number="39"/>
						<line branch="false" hits="1" number="40"/>
						<line branch="false" hits="1" number="42"/>
						<line branch="false" hits="1" number="46"/>
					</lines>
				</class>
				<class branch-rate="0.0" complexity="0" filename="lib\screens\admin_login.dart" line-rate="0.022727272727272728" name="lib.screens.admin_login.dart">
					<methods/>
					<lines>
						<line branch="false" hits="1" number="6"/>
						<line branch="false" hits="0" number="8"/>
						<line branch="false" hits="0" number="9"/>
						<line branch="false" hits="0" number="22"/>
						<line branch="false" hits="0" number="23"/>
						<line branch="false" hits="0" number="24"/>
						<line branch="false" hits="0" number="26"/>
						<line branch="false" hits="0" number="27"/>
						<line branch="false" hits="0" number="28"/>
						<line branch="false" hits="0" number="29"/>
						<line branch="false" hits="0" number="33"/>
						<line branch="false" hits="0" number="34"/>
						<line branch="false" hits="0" number="36"/>
						<line branch="false" hits="0" number="37"/>
						<line branch="false" hits="0" number="39"/>
						<line branch="false" hits="0" number="44"/>
						<line branch="false" hits="0" number="47"/>
						<line branch="false" hits="0" number="49"/>
						<line branch="false" hits="0" number="50"/>
						<line branch="false" hits="0" number="51"/>
						<line branch="false" hits="0" number="54"/>
						<line branch="false" hits="0" number="56"/>
						<line branch="false" hits="0" number="57"/>
						<line branch="false" hits="0" number="62"/>
						<line branch="false" hits="0" number="63"/>
						<line branch="false" hits="0" number="65"/>
						<line branch="false" hits="0" number="67"/>
						<line branch="false" hits="0" number="80"/>
						<line branch="false" hits="0" number="81"/>
						<line branch="false" hits="0" number="83"/>
						<line branch="false" hits="0" number="86"/>
						<line branch="false" hits="0" number="87"/>
						<line branch="false" hits="0" number="97"/>
						<line branch="false" hits="0" number="98"/>
						<line branch="false" hits="0" number="100"/>
						<line branch="false" hits="0" number="103"/>
						<line branch="false" hits="0" number="104"/>
						<line branch="false" hits="0" number="110"/>
						<line branch="false" hits="0" number="113"/>
						<line branch="false" hits="0" number="114"/>
						<line branch="false" hits="0" number="115"/>
						<line branch="false" hits="0" number="117"/>
						<line branch="false" hits="0" number="118"/>
						<line branch="false" hits="0" number="122"/>
					</lines>
				</class>
				<class branch-rate="0.0" complexity="0" filename="lib\screens\dashboard_user.dart" line-rate="0.972972972972973" name="lib.screens.dashboard_user.dart">
					<methods/>
					<lines>
						<line branch="false" hits="1" number="6"/>
						<line branch="false" hits="1" number="8"/>
						<line branch="false" hits="1" number="9"/>
						<line branch="false" hits="1" number="15"/>
						<line branch="false" hits="1" number="17"/>
						<line branch="false" hits="2" number="19"/>
						<line branch="false" hits="2" number="20"/>
						<line branch="false" hits="1" number="21"/>
						<line branch="false" hits="2" number="22"/>
						<line branch="false" hits="2" number="23"/>
						<line branch="false" hits="0" number="25"/>
						<line branch="false" hits="3" number="30"/>
						<line branch="false" hits="1" number="33"/>
						<line branch="false" hits="1" number="35"/>
						<line branch="false" hits="1" number="36"/>
						<line branch="false" hits="1" number="45"/>
						<line branch="false" hits="1" number="47"/>
						<line branch="false" hits="1" number="49"/>
						<line branch="false" hits="1" number="56"/>
						<line branch="false" hits="1" number="59"/>
						<line branch="false" hits="1" number="62"/>
						<line branch="false" hits="1" number="68"/>
						<line branch="false" hits="1" number="69"/>
						<line branch="false" hits="1" number="72"/>
						<line branch="false" hits="1" number="85"/>
						<line branch="false" hits="1" number="86"/>
						<line branch="false" hits="1" number="89"/>
						<line branch="false" hits="1" number="90"/>
						<line branch="false" hits="1" number="91"/>
						<line branch="false" hits="1" number="92"/>
						<line branch="false" hits="1" number="93"/>
						<line branch="false" hits="1" number="94"/>
						<line branch="false" hits="1" number="95"/>
						<line branch="false" hits="1" number="96"/>
						<line branch="false" hits="1" number="99"/>
						<line branch="false" hits="2" number="103"/>
						<line branch="false" hits="1" number="105"/>
					</lines>
				</class>
				<class branch-rate="0.0" complexity="0" filename="lib\screens\dashboard_admin.dart" line-rate="1.0" name="lib.screens.dashboard_admin.dart">
					<methods/>
					<lines>
						<line branch="false" hits="1" number="7"/>
						<line branch="false" hits="1" number="9"/>
						<line branch="false" hits="1" number="10"/>
						<line branch="false" hits="1" number="19"/>
						<line branch="false" hits="2" number="20"/>
						<line branch="false" hits="1" number="21"/>
						<line branch="false" hits="1" number="26"/>
						<line branch="false" hits="1" number="30"/>
						<line branch="false" hits="2" number="36"/>
						<line branch="false" hits="1" number="38"/>
						<line branch="false" hits="2" number="40"/>
						<line branch="false" hits="1" number="46"/>
						<line branch="false" hits="1" number="47"/>
						<line branch="false" hits="1" number="49"/>
						<line branch="false" hits="1" number="51"/>
						<line branch="false" hits="1" number="52"/>
						<line branch="false" hits="1" number="53"/>
						<line branch="false" hits="1" number="54"/>
						<line branch="false" hits="1" number="60"/>
						<line branch="false" hits="1" number="61"/>
						<line branch="false" hits="1" number="62"/>
						<line branch="false" hits="1" number="64"/>
						<line branch="false" hits="1" number="65"/>
						<line branch="false" hits="1" number="79"/>
						<line branch="false" hits="1" number="81"/>
						<line branch="false" hits="1" number="83"/>
						<line branch="false" hits="1" number="84"/>
						<line branch="false" hits="1" number="85"/>
						<line branch="false" hits="1" number="86"/>
						<line branch="false" hits="1" number="87"/>
						<line branch="false" hits="1" number="92"/>
						<line branch="false" hits="1" number="94"/>
						<line branch="false" hits="1" number="96"/>
						<line branch="false" hits="1" number="101"/>
						<line branch="false" hits="1" number="117"/>
						<line branch="false" hits="1" number="118"/>
						<line branch="false" hits="1" number="126"/>
						<line branch="false" hits="1" number="128"/>
						<line branch="false" hits="1" number="130"/>
						<line branch="false" hits="1" number="132"/>
						<line branch="false" hits="1" number="134"/>
						<line branch="false" hits="1" number="139"/>
						<line branch="false" hits="1" number="146"/>
						<line branch="false" hits="1" number="148"/>
						<line branch="false" hits="1" number="149"/>
						<line branch="false" hits="1" number="150"/>
						<line branch="false" hits="1" number="151"/>
						<line branch="false" hits="1" number="152"/>
						<line branch="false" hits="1" number="157"/>
						<line branch="false" hits="1" number="159"/>
						<line branch="false" hits="1" number="160"/>
						<line branch="false" hits="1" number="176"/>
						<line branch="false" hits="1" number="177"/>
						<line branch="false" hits="1" number="178"/>
						<line branch="false" hits="1" number="179"/>
						<line branch="false" hits="1" number="184"/>
						<line branch="false" hits="1" number="186"/>
						<line branch="false" hits="1" number="187"/>
						<line branch="false" hits="1" number="215"/>
						<line branch="false" hits="1" number="217"/>
						<line branch="false" hits="1" number="219"/>
					</lines>
				</class>
				<class branch-rate="0.0" complexity="0" filename="lib\screens\ajukan_surat.dart" line-rate="0.9886363636363636" name="lib.screens.ajukan_surat.dart">
					<methods/>
					<lines>
						<line branch="false" hits="1" number="7"/>
						<line branch="false" hits="1" number="8"/>
						<line branch="false" hits="1" number="9"/>
						<line branch="false" hits="1" number="18"/>
						<line branch="false" hits="2" number="20"/>
						<line branch="false" hits="2" number="21"/>
						<line branch="false" hits="2" number="22"/>
						<line branch="false" hits="1" number="23"/>
						<line branch="false" hits="1" number="26"/>
						<line branch="false" hits="1" number="27"/>
						<line branch="false" hits="1" number="35"/>
						<line branch="false" hits="1" number="36"/>
						<line branch="false" hits="2" number="41"/>
						<line branch="false" hits="1" number="42"/>
						<line branch="false" hits="2" number="45"/>
						<line branch="false" hits="2" number="46"/>
						<line branch="false" hits="3" number="47"/>
						<line branch="false" hits="1" number="49"/>
						<line branch="false" hits="1" number="50"/>
						<line branch="false" hits="3" number="55"/>
						<line branch="false" hits="1" number="58"/>
						<line branch="false" hits="2" number="60"/>
						<line branch="false" hits="1" number="61"/>
						<line branch="false" hits="1" number="62"/>
						<line branch="false" hits="1" number="63"/>
						<line branch="false" hits="4" number="66"/>
						<line branch="false" hits="4" number="67"/>
						<line branch="false" hits="4" number="68"/>
						<line branch="false" hits="0" number="69"/>
						<line branch="false" hits="1" number="76"/>
						<line branch="false" hits="3" number="77"/>
						<line branch="false" hits="1" number="78"/>
						<line branch="false" hits="3" number="79"/>
						<line branch="false" hits="3" number="80"/>
						<line branch="false" hits="3" number="81"/>
						<line branch="false" hits="1" number="83"/>
						<line branch="false" hits="2" number="87"/>
						<line branch="false" hits="2" number="90"/>
						<line branch="false" hits="2" number="91"/>
						<line branch="false" hits="2" number="92"/>
						<line branch="false" hits="2" number="93"/>
						<line branch="false" hits="1" number="94"/>
						<line branch="false" hits="1" number="98"/>
						<line branch="false" hits="1" number="99"/>
						<line branch="false" hits="2" number="101"/>
						<line branch="false" hits="1" number="106"/>
						<line branch="false" hits="1" number="107"/>
						<line branch="false" hits="1" number="108"/>
						<line branch="false" hits="2" number="109"/>
						<line branch="false" hits="1" number="110"/>
						<line branch="false" hits="1" number="111"/>
						<line branch="false" hits="1" number="122"/>
						<line branch="false" hits="1" number="124"/>
						<line branch="false" hits="1" number="125"/>
						<line branch="false" hits="1" number="129"/>
						<line branch="false" hits="1" number="130"/>
						<line branch="false" hits="1" number="132"/>
						<line branch="false" hits="1" number="134"/>
						<line branch="false" hits="1" number="138"/>
						<line branch="false" hits="1" number="139"/>
						<line branch="false" hits="1" number="140"/>
						<line branch="false" hits="1" number="143"/>
						<line branch="false" hits="1" number="145"/>
						<line branch="false" hits="1" number="146"/>
						<line branch="false" hits="1" number="148"/>
						<line branch="false" hits="1" number="149"/>
						<line branch="false" hits="3" number="150"/>
						<line branch="false" hits="1" number="159"/>
						<line branch="false" hits="1" number="160"/>
						<line branch="false" hits="1" number="162"/>
						<line branch="false" hits="1" number="168"/>
						<line branch="false" hits="1" number="169"/>
						<line branch="false" hits="1" number="176"/>
						<line branch="false" hits="1" number="177"/>
						<line branch="false" hits="1" number="178"/>
						<line branch="false" hits="1" number="184"/>
						<line branch="false" hits="1" number="185"/>
						<line branch="false" hits="1" number="192"/>
						<line branch="false" hits="1" number="193"/>
						<line branch="false" hits="1" number="195"/>
						<line branch="false" hits="1" number="201"/>
						<line branch="false" hits="1" number="202"/>
						<line branch="false" hits="1" number="208"/>
						<line branch="false" hits="1" number="211"/>
						<line branch="false" hits="1" number="212"/>
						<line branch="false" hits="1" number="213"/>
						<line branch="false" hits="1" number="215"/>
						<line branch="false" hits="1" number="216"/>
					</lines>
				</class>
				<class branch-rate="0.0" complexity="0" filename="lib\screens\riwayat_surat.dart" line-rate="0.018867924528301886" name="lib.screens.riwayat_surat.dart">
					<methods/>
					<lines>
						<line branch="false" hits="1" number="7"/>
						<line branch="false" hits="0" number="9"/>
						<line branch="false" hits="0" number="10"/>
						<line branch="false" hits="0" number="16"/>
						<line branch="false" hits="0" number="18"/>
						<line branch="false" hits="0" number="19"/>
						<line branch="false" hits="0" number="22"/>
						<line branch="false" hits="0" number="23"/>
						<line branch="false" hits="0" number="24"/>
						<line branch="false" hits="0" number="27"/>
						<line branch="false" hits="0" number="30"/>
						<line branch="false" hits="0" number="33"/>
						<line branch="false" hits="0" number="36"/>
						<line branch="false" hits="0" number="40"/>
						<line branch="false" hits="0" number="44"/>
						<line branch="false" hits="0" number="46"/>
						<line branch="false" hits="0" number="48"/>
						<line branch="false" hits="0" number="50"/>
						<line branch="false" hits="0" number="52"/>
						<line branch="false" hits="0" number="61"/>
						<line branch="false" hits="0" number="62"/>
						<line branch="false" hits="0" number="63"/>
						<line branch="false" hits="0" number="65"/>
						<line branch="false" hits="0" number="68"/>
						<line branch="false" hits="0" number="70"/>
						<line branch="false" hits="0" number="71"/>
						<line branch="false" hits="0" number="72"/>
						<line branch="false" hits="0" number="76"/>
						<line branch="false" hits="0" number="77"/>
						<line branch="false" hits="0" number="82"/>
						<line branch="false" hits="0" number="83"/>
						<line branch="false" hits="0" number="84"/>
						<line branch="false" hits="0" number="85"/>
						<line branch="false" hits="0" number="91"/>
						<line branch="false" hits="0" number="97"/>
						<line branch="false" hits="0" number="99"/>
						<line branch="false" hits="0" number="100"/>
						<line branch="false" hits="0" number="101"/>
						<line branch="false" hits="0" number="105"/>
						<line branch="false" hits="0" number="106"/>
						<line branch="false" hits="0" number="109"/>
						<line branch="false" hits="0" number="110"/>
						<line branch="false" hits="0" number="111"/>
						<line branch="false" hits="0" number="113"/>
						<line branch="false" hits="0" number="119"/>
						<line branch="false" hits="0" number="121"/>
						<line branch="false" hits="0" number="122"/>
						<line branch="false" hits="0" number="128"/>
						<line branch="false" hits="0" number="129"/>
						<line branch="false" hits="0" number="130"/>
						<line branch="false" hits="0" number="131"/>
						<line branch="false" hits="0" number="138"/>
						<line branch="false" hits="0" number="153"/>
					</lines>
				</class>
				<class branch-rate="0.0" complexity="0" filename="lib\screens\kelola_surat_masuk.dart" line-rate="0.8875" name="lib.screens.kelola_surat_masuk.dart">
					<methods/>
					<lines>
						<line branch="false" hits="1" number="6"/>
						<line branch="false" hits="1" number="8"/>
						<line branch="false" hits="1" number="9"/>
						<line branch="false" hits="0" number="39"/>
						<line branch="false" hits="0" number="40"/>
						<line branch="false" hits="0" number="41"/>
						<line branch="false" hits="0" number="42"/>
						<line branch="false" hits="0" number="43"/>
						<line branch="false" hits="0" number="44"/>
						<line branch="false" hits="0" number="45"/>
						<line branch="false" hits="0" number="46"/>
						<line branch="false" hits="1" number="49"/>
						<line branch="false" hits="2" number="50"/>
						<line branch="false" hits="3" number="51"/>
						<line branch="false" hits="3" number="53"/>
						<line branch="false" hits="6" number="54"/>
						<line branch="false" hits="1" number="58"/>
						<line branch="false" hits="1" number="60"/>
						<line branch="false" hits="1" number="62"/>
						<line branch="false" hits="1" number="64"/>
						<line branch="false" hits="1" number="72"/>
						<line branch="false" hits="1" number="78"/>
						<line branch="false" hits="1" number="80"/>
						<line branch="false" hits="2" number="85"/>
						<line branch="false" hits="1" number="87"/>
						<line branch="false" hits="1" number="94"/>
						<line branch="false" hits="2" number="95"/>
						<line branch="false" hits="1" number="96"/>
						<line branch="false" hits="1" number="98"/>
						<line branch="false" hits="1" number="99"/>
						<line branch="false" hits="1" number="101"/>
						<line branch="false" hits="1" number="102"/>
						<line branch="false" hits="1" number="103"/>
						<line branch="false" hits="1" number="104"/>
						<line branch="false" hits="1" number="111"/>
						<line branch="false" hits="1" number="113"/>
						<line branch="false" hits="1" number="114"/>
						<line branch="false" hits="2" number="115"/>
						<line branch="false" hits="1" number="119"/>
						<line branch="false" hits="2" number="120"/>
						<line branch="false" hits="1" number="124"/>
						<line branch="false" hits="2" number="125"/>
						<line branch="false" hits="1" number="129"/>
						<line branch="false" hits="1" number="130"/>
						<line branch="false" hits="1" number="132"/>
						<line branch="false" hits="1" number="137"/>
						<line branch="false" hits="2" number="138"/>
						<line branch="false" hits="1" number="139"/>
						<line branch="false" hits="1" number="141"/>
						<line branch="false" hits="1" number="143"/>
						<line branch="false" hits="1" number="144"/>
						<line branch="false" hits="1" number="150"/>
						<line branch="false" hits="2" number="154"/>
						<line branch="false" hits="1" number="157"/>
						<line branch="false" hits="2" number="161"/>
						<line branch="false" hits="1" number="164"/>
						<line branch="false" hits="2" number="168"/>
						<line branch="false" hits="1" number="177"/>
						<line branch="false" hits="1" number="179"/>
						<line branch="false" hits="1" number="181"/>
						<line branch="false" hits="1" number="182"/>
						<line branch="false" hits="1" number="183"/>
						<line branch="false" hits="1" number="186"/>
						<line branch="false" hits="1" number="188"/>
						<line branch="false" hits="1" number="189"/>
						<line branch="false" hits="1" number="190"/>
						<line branch="false" hits="1" number="191"/>
						<line branch="false" hits="1" number="192"/>
						<line branch="false" hits="0" number="194"/>
						<line branch="false" hits="1" number="210"/>
						<line branch="false" hits="1" number="225"/>
						<line branch="false" hits="1" number="226"/>
						<line branch="false" hits="1" number="232"/>
						<line branch="false" hits="1" number="234"/>
						<line branch="false" hits="2" number="235"/>
						<line branch="false" hits="1" number="236"/>
						<line branch="false" hits="2" number="237"/>
						<line branch="false" hits="1" number="245"/>
						<line branch="false" hits="1" number="246"/>
						<line branch="false" hits="1" number="247"/>
					</lines>
				</class>
			</classes>
		</package>
		<package line-rate="0.7" branch-rate="0.0" name="lib.models" complexity="0">
			<classes>
				<class branch-rate="0.0" complexity="0" filename="lib\models\submission.dart" line-rate="0.7" name="lib.models.submission.dart">
					<methods/>
					<lines>
						<line branch="false" hits="2" number="11"/>
						<line branch="false" hits="2" number="23"/>
						<line branch="false" hits="6" number="24"/>
						<line branch="false" hits="3" number="29"/>
						<line branch="false" hits="2" number="31"/>
						<line branch="false" hits="4" number="32"/>
						<line branch="false" hits="0" number="36"/>
						<line branch="false" hits="0" number="37"/>
						<line branch="false" hits="0" number="38"/>
						<line branch="false" hits="3" number="41"/>
					</lines>
				</class>
			</classes>
		</package>
		<package line-rate="0.05" branch-rate="0.0" name="lib" complexity="0">
			<classes>
				<class branch-rate="0.0" complexity="0" filename="lib\main.dart" line-rate="0.05" name="lib.main.dart">
					<methods/>
					<lines>
						<line branch="false" hits="0" number="20"/>
						<line branch="false" hits="0" number="21"/>
						<line branch="false" hits="1" number="25"/>
						<line branch="false" hits="0" number="27"/>
						<line branch="false" hits="0" number="29"/>
						<line branch="false" hits="0" number="33"/>
						<line branch="false" hits="0" number="34"/>
						<line branch="false" hits="0" number="35"/>
						<line branch="false" hits="0" number="36"/>
						<line branch="false" hits="0" number="37"/>
						<line branch="false" hits="0" number="38"/>
						<line branch="false" hits="0" number="39"/>
						<line branch="false" hits="0" number="40"/>
						<line branch="false" hits="0" number="41"/>
						<line branch="false" hits="0" number="42"/>
						<line branch="false" hits="0" number="43"/>
						<line branch="false" hits="0" number="44"/>
						<line branch="false" hits="0" number="45"/>
						<line branch="false" hits="0" number="46"/>
						<line branch="false" hits="0" number="47"/>
					</lines>
				</class>
			</classes>
		</package>
	</packages>
</coverage>
