SF:lib\screens\choose_role.dart
DA:6,1
DA:8,1
DA:10,1
DA:12,1
DA:26,1
DA:27,1
DA:29,1
DA:31,1
DA:71,1
DA:74,1
DA:75,1
DA:76,1
DA:78,1
DA:82,1
DA:83,1
DA:97,1
DA:100,1
DA:101,1
DA:102,1
DA:104,1
DA:108,1
DA:109,1
LF:22
LH:22
end_of_record
SF:lib\screens\register_user.dart
DA:5,1
DA:7,2
DA:8,2
DA:20,2
DA:22,4
DA:23,4
DA:24,4
DA:25,4
DA:26,4
DA:27,2
DA:30,2
DA:31,6
DA:32,2
DA:33,2
DA:35,4
DA:40,2
DA:41,2
DA:42,0
DA:43,0
DA:44,0
DA:54,2
DA:55,4
DA:59,2
DA:61,2
DA:63,2
DA:64,2
DA:66,2
DA:67,2
DA:68,2
DA:70,2
DA:88,2
DA:89,2
DA:90,2
DA:91,2
DA:96,2
DA:97,2
DA:99,2
DA:100,2
DA:105,2
DA:106,2
DA:107,2
DA:108,2
DA:113,2
DA:114,2
DA:116,2
DA:117,2
DA:122,2
DA:123,2
DA:124,2
DA:125,4
DA:126,2
DA:127,2
DA:128,2
DA:131,0
DA:132,0
DA:136,2
DA:137,6
DA:146,2
DA:149,2
DA:150,2
DA:151,2
DA:153,2
DA:154,2
DA:156,2
DA:157,2
DA:160,2
DA:162,2
DA:163,2
DA:169,2
DA:171,2
DA:204,2
DA:205,2
DA:211,2
DA:212,2
DA:215,2
DA:216,2
LF:76
LH:71
end_of_record
SF:lib\screens\profile_user.dart
DA:5,1
DA:7,1
DA:9,1
DA:10,1
DA:15,1
DA:16,1
DA:18,1
DA:20,1
DA:21,1
DA:23,1
DA:25,1
DA:27,1
DA:29,1
DA:30,1
DA:31,0
DA:32,0
DA:34,1
DA:36,1
DA:37,1
DA:61,1
DA:65,0
DA:66,0
DA:67,0
DA:68,0
DA:69,0
DA:70,0
DA:86,1
DA:87,1
DA:89,1
DA:90,1
DA:98,1
DA:101,1
DA:103,1
DA:105,1
LF:34
LH:26
end_of_record
SF:lib\screens\verifikasi_akun.dart
DA:6,1
DA:8,1
DA:9,1
DA:34,1
DA:35,2
DA:36,3
DA:39,3
DA:40,1
DA:41,5
DA:48,0
DA:49,0
DA:50,0
DA:52,0
DA:53,0
DA:54,0
DA:55,0
DA:56,0
DA:61,1
DA:63,1
DA:65,1
DA:66,1
DA:68,1
DA:71,1
DA:73,1
DA:74,1
DA:76,1
DA:77,1
DA:78,1
DA:80,0
DA:97,1
DA:113,1
DA:114,1
DA:120,1
DA:122,1
DA:123,2
DA:124,1
DA:125,1
DA:126,2
DA:127,1
DA:129,1
DA:130,1
DA:131,1
DA:132,1
DA:143,1
DA:144,1
DA:145,1
DA:168,1
DA:176,2
DA:178,1
DA:183,1
DA:185,1
DA:187,1
DA:188,1
DA:189,1
DA:190,1
DA:196,1
DA:198,1
DA:199,1
DA:204,1
DA:205,1
DA:208,1
DA:209,1
DA:213,1
DA:214,1
DA:219,1
DA:221,1
DA:229,1
DA:230,2
DA:231,1
DA:232,1
DA:237,1
DA:238,1
DA:247,1
DA:248,2
DA:249,1
DA:250,1
DA:255,1
DA:256,1
LF:78
LH:69
end_of_record
SF:lib\screens\profile_admin.dart
DA:5,1
DA:7,1
DA:9,1
DA:10,1
DA:15,1
DA:16,1
DA:18,1
DA:20,1
DA:21,1
DA:23,1
DA:25,1
DA:26,1
DA:28,0
DA:29,0
DA:31,1
DA:33,1
DA:34,1
DA:58,1
DA:62,0
DA:63,0
DA:65,0
DA:66,0
DA:68,0
DA:69,0
DA:85,1
DA:87,1
DA:89,1
DA:90,1
DA:98,1
DA:101,1
DA:103,1
DA:105,1
LF:32
LH:24
end_of_record
SF:lib\models\submission.dart
DA:11,2
DA:23,2
DA:24,6
DA:29,3
DA:31,2
DA:32,4
DA:36,0
DA:37,0
DA:38,0
DA:41,3
LF:10
LH:7
end_of_record
SF:lib\screens\status_surat.dart
DA:7,1
DA:9,1
DA:10,1
DA:16,1
DA:18,1
DA:19,1
DA:22,1
DA:23,3
DA:24,2
DA:27,1
DA:30,1
DA:33,0
DA:36,0
DA:40,0
DA:44,1
DA:46,1
DA:48,1
DA:50,1
DA:52,1
DA:61,1
DA:62,1
DA:63,1
DA:65,1
DA:67,1
DA:69,1
DA:71,1
DA:72,2
DA:74,1
DA:75,1
DA:76,1
DA:77,1
DA:79,1
DA:80,1
DA:81,1
DA:88,1
DA:89,10
DA:95,2
DA:102,1
DA:104,1
DA:105,1
DA:106,1
DA:110,1
DA:111,1
DA:113,1
DA:114,1
DA:115,1
DA:117,1
DA:118,1
DA:119,1
DA:121,1
DA:127,1
DA:129,0
DA:138,1
DA:139,1
DA:141,0
DA:142,3
DA:147,1
DA:150,1
DA:152,0
DA:153,1
DA:155,1
DA:156,1
DA:173,1
DA:188,2
LF:64
LH:58
end_of_record
SF:lib\screens\login_user.dart
DA:6,2
DA:8,2
DA:9,2
DA:16,2
DA:18,2
DA:19,2
DA:33,2
DA:34,2
DA:36,2
DA:38,2
DA:55,2
DA:56,2
DA:65,2
DA:66,2
DA:69,2
DA:70,2
DA:79,2
DA:80,2
DA:81,2
DA:88,2
DA:89,2
DA:90,2
DA:95,0
DA:96,0
DA:97,0
DA:103,2
DA:104,2
DA:107,2
DA:108,2
DA:117,2
DA:119,2
DA:120,2
DA:121,2
DA:122,2
DA:123,2
DA:125,0
DA:126,0
DA:127,0
DA:137,2
DA:138,2
DA:139,2
DA:156,2
DA:159,2
DA:160,2
DA:162,2
DA:163,2
DA:167,2
DA:168,2
DA:187,2
DA:189,2
DA:194,2
DA:195,2
DA:196,2
LF:53
LH:47
end_of_record
SF:lib\screens\splash_screen.dart
DA:7,1
DA:9,1
DA:10,1
DA:14,1
DA:16,1
DA:17,2
DA:18,2
DA:22,1
DA:24,1
DA:25,1
DA:39,1
DA:40,1
DA:42,1
DA:46,1
LF:14
LH:14
end_of_record
SF:lib\main.dart
DA:20,0
DA:21,0
DA:25,1
DA:27,0
DA:29,0
DA:33,0
DA:34,0
DA:35,0
DA:36,0
DA:37,0
DA:38,0
DA:39,0
DA:40,0
DA:41,0
DA:42,0
DA:43,0
DA:44,0
DA:45,0
DA:46,0
DA:47,0
LF:20
LH:1
end_of_record
SF:lib\screens\admin_login.dart
DA:6,1
DA:8,0
DA:9,0
DA:22,0
DA:23,0
DA:24,0
DA:26,0
DA:27,0
DA:28,0
DA:29,0
DA:33,0
DA:34,0
DA:36,0
DA:37,0
DA:39,0
DA:44,0
DA:47,0
DA:49,0
DA:50,0
DA:51,0
DA:54,0
DA:56,0
DA:57,0
DA:62,0
DA:63,0
DA:65,0
DA:67,0
DA:80,0
DA:81,0
DA:83,0
DA:86,0
DA:87,0
DA:97,0
DA:98,0
DA:100,0
DA:103,0
DA:104,0
DA:110,0
DA:113,0
DA:114,0
DA:115,0
DA:117,0
DA:118,0
DA:122,0
LF:44
LH:1
end_of_record
SF:lib\screens\dashboard_user.dart
DA:6,1
DA:8,1
DA:9,1
DA:15,1
DA:17,1
DA:19,2
DA:20,2
DA:21,1
DA:22,2
DA:23,2
DA:25,0
DA:30,3
DA:33,1
DA:35,1
DA:36,1
DA:45,1
DA:47,1
DA:49,1
DA:56,1
DA:59,1
DA:62,1
DA:68,1
DA:69,1
DA:72,1
DA:85,1
DA:86,1
DA:89,1
DA:90,1
DA:91,1
DA:92,1
DA:93,1
DA:94,1
DA:95,1
DA:96,1
DA:99,1
DA:103,2
DA:105,1
LF:37
LH:36
end_of_record
SF:lib\screens\dashboard_admin.dart
DA:7,1
DA:9,1
DA:10,1
DA:19,1
DA:20,2
DA:21,1
DA:26,1
DA:30,1
DA:36,2
DA:38,1
DA:40,2
DA:46,1
DA:47,1
DA:49,1
DA:51,1
DA:52,1
DA:53,1
DA:54,1
DA:60,1
DA:61,1
DA:62,1
DA:64,1
DA:65,1
DA:79,1
DA:81,1
DA:83,1
DA:84,1
DA:85,1
DA:86,1
DA:87,1
DA:92,1
DA:94,1
DA:96,1
DA:101,1
DA:117,1
DA:118,1
DA:126,1
DA:128,1
DA:130,1
DA:132,1
DA:134,1
DA:139,1
DA:146,1
DA:148,1
DA:149,1
DA:150,1
DA:151,1
DA:152,1
DA:157,1
DA:159,1
DA:160,1
DA:176,1
DA:177,1
DA:178,1
DA:179,1
DA:184,1
DA:186,1
DA:187,1
DA:215,1
DA:217,1
DA:219,1
LF:61
LH:61
end_of_record
SF:lib\screens\ajukan_surat.dart
DA:7,1
DA:8,1
DA:9,1
DA:18,1
DA:20,2
DA:21,2
DA:22,2
DA:23,1
DA:26,1
DA:27,1
DA:35,1
DA:36,1
DA:41,2
DA:42,1
DA:45,2
DA:46,2
DA:47,3
DA:49,1
DA:50,1
DA:55,3
DA:58,1
DA:60,2
DA:61,1
DA:62,1
DA:63,1
DA:66,4
DA:67,4
DA:68,4
DA:69,0
DA:76,1
DA:77,3
DA:78,1
DA:79,3
DA:80,3
DA:81,3
DA:83,1
DA:87,2
DA:90,2
DA:91,2
DA:92,2
DA:93,2
DA:94,1
DA:98,1
DA:99,1
DA:101,2
DA:106,1
DA:107,1
DA:108,1
DA:109,2
DA:110,1
DA:111,1
DA:122,1
DA:124,1
DA:125,1
DA:129,1
DA:130,1
DA:132,1
DA:134,1
DA:138,1
DA:139,1
DA:140,1
DA:143,1
DA:145,1
DA:146,1
DA:148,1
DA:149,1
DA:150,3
DA:159,1
DA:160,1
DA:162,1
DA:168,1
DA:169,1
DA:176,1
DA:177,1
DA:178,1
DA:184,1
DA:185,1
DA:192,1
DA:193,1
DA:195,1
DA:201,1
DA:202,1
DA:208,1
DA:211,1
DA:212,1
DA:213,1
DA:215,1
DA:216,1
LF:88
LH:87
end_of_record
SF:lib\screens\riwayat_surat.dart
DA:7,1
DA:9,0
DA:10,0
DA:16,0
DA:18,0
DA:19,0
DA:22,0
DA:23,0
DA:24,0
DA:27,0
DA:30,0
DA:33,0
DA:36,0
DA:40,0
DA:44,0
DA:46,0
DA:48,0
DA:50,0
DA:52,0
DA:61,0
DA:62,0
DA:63,0
DA:65,0
DA:68,0
DA:70,0
DA:71,0
DA:72,0
DA:76,0
DA:77,0
DA:82,0
DA:83,0
DA:84,0
DA:85,0
DA:91,0
DA:97,0
DA:99,0
DA:100,0
DA:101,0
DA:105,0
DA:106,0
DA:109,0
DA:110,0
DA:111,0
DA:113,0
DA:119,0
DA:121,0
DA:122,0
DA:128,0
DA:129,0
DA:130,0
DA:131,0
DA:138,0
DA:153,0
LF:53
LH:1
end_of_record
SF:lib\screens\kelola_surat_masuk.dart
DA:6,1
DA:8,1
DA:9,1
DA:39,0
DA:40,0
DA:41,0
DA:42,0
DA:43,0
DA:44,0
DA:45,0
DA:46,0
DA:49,1
DA:50,2
DA:51,3
DA:53,3
DA:54,6
DA:58,1
DA:60,1
DA:62,1
DA:64,1
DA:72,1
DA:78,1
DA:80,1
DA:85,2
DA:87,1
DA:94,1
DA:95,2
DA:96,1
DA:98,1
DA:99,1
DA:101,1
DA:102,1
DA:103,1
DA:104,1
DA:111,1
DA:113,1
DA:114,1
DA:115,2
DA:119,1
DA:120,2
DA:124,1
DA:125,2
DA:129,1
DA:130,1
DA:132,1
DA:137,1
DA:138,2
DA:139,1
DA:141,1
DA:143,1
DA:144,1
DA:150,1
DA:154,2
DA:157,1
DA:161,2
DA:164,1
DA:168,2
DA:177,1
DA:179,1
DA:181,1
DA:182,1
DA:183,1
DA:186,1
DA:188,1
DA:189,1
DA:190,1
DA:191,1
DA:192,1
DA:194,0
DA:210,1
DA:225,1
DA:226,1
DA:232,1
DA:234,1
DA:235,2
DA:236,1
DA:237,2
DA:245,1
DA:246,1
DA:247,1
LF:80
LH:71
end_of_record
